{
  "0 debug pnpm:scope": {
    "selected": 1
  },
  "1 error pnpm": {
    "code": "ELIFECYCLE",
    "errno": "ENOENT",
    "syscall": "spawn",
    "file": "sh",
    "pkgid": "nextjs-clerk-starter@0.1.0",
    "stage": "dev",
    "script": "next dev",
    "pkgname": "nextjs-clerk-starter",
    "err": {
      "name": "Error",
      "message": "nextjs-clerk-starter@0.1.0 dev: `next dev`\nspawn ENOENT",
      "code": "ELIFECYCLE",
      "stack": "Error: nextjs-clerk-starter@0.1.0 dev: `next dev`\nspawn ENOENT\n    at ChildProcess.<anonymous> (/Users/emilkowalski/.cache/node/corepack/pnpm/6.0.2/dist/pnpm.cjs:88853:20)\n    at ChildProcess.emit (node:events:518:28)\n    at maybeClose (node:internal/child_process:1105:16)\n    at ChildProcess._handle.onexit (node:internal/child_process:305:5)"
    }
  }
}